<?xml version="1.0" encoding="UTF-8"?>
<!-- Generated by org.testng.reporters.JUnitReportReporter -->
<testsuite hostname="LIN-4PX71F3" failures="0" tests="1" name="FrameworkDesigne2e.Test.Errorvalidation" time="3.097" errors="0" timestamp="2024-02-15T13:21:36 IST" skipped="0">
  <testcase classname="FrameworkDesigne2e.Test.Errorvalidation" name="SubmitOrder" time="3.097"/>
  <system-out/>
</testsuite> <!-- FrameworkDesigne2e.Test.Errorvalidation -->
