<?xml version="1.0" encoding="UTF-8"?>
<!-- Generated by org.testng.reporters.JUnitReportReporter -->
<testsuite hostname="LIN-4PX71F3" failures="0" tests="2" name="FrameworkDesigne2e.Test.pageobjectdesign" time="37.873" errors="0" timestamp="2024-02-17T18:34:19 IST" skipped="0">
  <testcase classname="FrameworkDesigne2e.Test.pageobjectdesign" name="SubmitOrder" time="14.580"/>
  <system-out/>
  <testcase classname="FrameworkDesigne2e.Test.pageobjectdesign" name="SubmitOrder" time="23.293"/>
  <system-out/>
</testsuite> <!-- FrameworkDesigne2e.Test.pageobjectdesign -->
